Compiling the C compiler identification source file "CMakeCCompilerId.c" failed.
Compiler: /usr/bin/eosio-cc 
Build flags: ;-O3;
Id flags:  

The output was:
255
/usr/opt/eosio.cdt/1.7.0/bin/wasm-ld: error: fatal failure: contract with no actions and trying to create dispatcher


Compiling the CXX compiler identification source file "CMakeCXXCompilerId.cpp" failed.
Compiler: /usr/bin/eosio-cpp 
Build flags: ;-O3;
Id flags:  

The output was:
255
/usr/opt/eosio.cdt/1.7.0/bin/wasm-ld: error: fatal failure: contract with no actions and trying to create dispatcher


Detecting C compiler ABI info failed to compile with the following output:
Change Dir: /root/target/build/libs/CMakeFiles/CMakeTmp

Run Build Command(s):/usr/bin/make -f Makefile cmTC_9aaac/fast && make[3]: Entering directory '/root/target/build/libs/CMakeFiles/CMakeTmp'
/usr/bin/make  -f CMakeFiles/cmTC_9aaac.dir/build.make CMakeFiles/cmTC_9aaac.dir/build
make[4]: Entering directory '/root/target/build/libs/CMakeFiles/CMakeTmp'
Building C object CMakeFiles/cmTC_9aaac.dir/CMakeCCompilerABI.c.obj
/usr/bin/eosio-cc   -O3     -v -MD -MT CMakeFiles/cmTC_9aaac.dir/CMakeCCompilerABI.c.obj -MF CMakeFiles/cmTC_9aaac.dir/CMakeCCompilerABI.c.obj.d -o CMakeFiles/cmTC_9aaac.dir/CMakeCCompilerABI.c.obj -c /usr/share/cmake-3.24/Modules/CMakeCCompilerABI.c
clang version 7.0.0 (https://github.com/eosio/clang.git 6b886302a11a8419b76e469794ff9d0c531a4b4b) (https://github.com/eosio/llvm 3c026f8b7813ad693749d3551353a554c5ca33e7)
Target: x86_64-unknown-linux-gnu
Thread model: posix
InstalledDir: /usr/opt/eosio.cdt/1.7.0/bin
Found candidate GCC installation: /usr/lib/gcc/x86_64-linux-gnu/7
Found candidate GCC installation: /usr/lib/gcc/x86_64-linux-gnu/7.5.0
Found candidate GCC installation: /usr/lib/gcc/x86_64-linux-gnu/8
Selected GCC installation: /usr/lib/gcc/x86_64-linux-gnu/7.5.0
Candidate multilib: .;@m64
Selected multilib: .;@m64
Linking C executable cmTC_9aaac.wasm
/usr/bin/cmake -E cmake_link_script CMakeFiles/cmTC_9aaac.dir/link.txt --verbose=1
/usr/bin/eosio-ld  -v CMakeFiles/cmTC_9aaac.dir/CMakeCCompilerABI.c.obj -o cmTC_9aaac.wasm 
eosio-ld: Unknown command line argument '-v'.  Try: '/usr/bin/eosio-ld -help'
eosio-ld: Did you mean '-L'?
CMakeFiles/cmTC_9aaac.dir/build.make:99: recipe for target 'cmTC_9aaac.wasm' failed
make[4]: *** [cmTC_9aaac.wasm] Error 1
make[4]: Leaving directory '/root/target/build/libs/CMakeFiles/CMakeTmp'
Makefile:127: recipe for target 'cmTC_9aaac/fast' failed
make[3]: *** [cmTC_9aaac/fast] Error 2
make[3]: Leaving directory '/root/target/build/libs/CMakeFiles/CMakeTmp'




Detecting CXX compiler ABI info failed to compile with the following output:
Change Dir: /root/target/build/libs/CMakeFiles/CMakeTmp

Run Build Command(s):/usr/bin/make -f Makefile cmTC_db1d7/fast && make[3]: Entering directory '/root/target/build/libs/CMakeFiles/CMakeTmp'
/usr/bin/make  -f CMakeFiles/cmTC_db1d7.dir/build.make CMakeFiles/cmTC_db1d7.dir/build
make[4]: Entering directory '/root/target/build/libs/CMakeFiles/CMakeTmp'
Building CXX object CMakeFiles/cmTC_db1d7.dir/CMakeCXXCompilerABI.cpp.obj
/usr/bin/eosio-cpp   -O3     -v -MD -MT CMakeFiles/cmTC_db1d7.dir/CMakeCXXCompilerABI.cpp.obj -MF CMakeFiles/cmTC_db1d7.dir/CMakeCXXCompilerABI.cpp.obj.d -o CMakeFiles/cmTC_db1d7.dir/CMakeCXXCompilerABI.cpp.obj -c /usr/share/cmake-3.24/Modules/CMakeCXXCompilerABI.cpp
clang version 7.0.0 (https://github.com/eosio/clang.git 6b886302a11a8419b76e469794ff9d0c531a4b4b) (https://github.com/eosio/llvm 3c026f8b7813ad693749d3551353a554c5ca33e7)
Target: x86_64-unknown-linux-gnu
Thread model: posix
InstalledDir: /usr/opt/eosio.cdt/1.7.0/bin
Found candidate GCC installation: /usr/lib/gcc/x86_64-linux-gnu/7
Found candidate GCC installation: /usr/lib/gcc/x86_64-linux-gnu/7.5.0
Found candidate GCC installation: /usr/lib/gcc/x86_64-linux-gnu/8
Selected GCC installation: /usr/lib/gcc/x86_64-linux-gnu/7.5.0
Candidate multilib: .;@m64
Selected multilib: .;@m64
Linking CXX executable cmTC_db1d7.wasm
/usr/bin/cmake -E cmake_link_script CMakeFiles/cmTC_db1d7.dir/link.txt --verbose=1
/usr/bin/eosio-ld  -v CMakeFiles/cmTC_db1d7.dir/CMakeCXXCompilerABI.cpp.obj -o cmTC_db1d7.wasm 
eosio-ld: Unknown command line argument '-v'.  Try: '/usr/bin/eosio-ld -help'
eosio-ld: Did you mean '-L'?
CMakeFiles/cmTC_db1d7.dir/build.make:99: recipe for target 'cmTC_db1d7.wasm' failed
make[4]: *** [cmTC_db1d7.wasm] Error 1
make[4]: Leaving directory '/root/target/build/libs/CMakeFiles/CMakeTmp'
Makefile:127: recipe for target 'cmTC_db1d7/fast' failed
make[3]: *** [cmTC_db1d7/fast] Error 2
make[3]: Leaving directory '/root/target/build/libs/CMakeFiles/CMakeTmp'




